05/06/26 19:23:08 - 0:00:00 - Args: {'data_dir': '/Users/aolai/codes/race/tx-ad-2026', 'schema_path': '/Users/aolai/codes/race/tx-ad-2026/schema.json', 'ckpt_dir': '/Users/aolai/codes/race/tx-ad-2026/checkpoints', 'log_dir': '/Users/aolai/codes/race/tx-ad-2026/logs', 'batch_size': 64, 'lr': 0.0001, 'num_epochs': 5, 'patience': 3, 'seed': 42, 'device': 'cpu', 'num_workers': 0, 'buffer_batches': 20, 'train_ratio': 1.0, 'valid_ratio': 0.2, 'eval_every_n_steps': 0, 'seq_max_lens': 'seq_a:256,seq_b:256,seq_c:512,seq_d:512', 'd_model': 64, 'emb_dim': 16, 'num_queries': 2, 'num_hyformer_blocks': 2, 'num_heads': 4, 'seq_encoder_type': 'transformer', 'hidden_mult': 4, 'dropout_rate': 0.01, 'seq_top_k': 50, 'seq_causal': False, 'action_num': 1, 'use_time_buckets': True, 'rank_mixer_mode': 'full', 'use_rope': False, 'rope_base': 10000.0, 'model_type': 'unified', 'num_buckets': 32, 'max_feat_tokens': 30, 'feat_pos_mode': 'learnable', 'max_seq_vocab': 2000000, 'loss_type': 'bce', 'focal_alpha': 0.1, 'focal_gamma': 2.0, 'sparse_lr': 0.05, 'sparse_weight_decay': 0.0, 'reinit_sparse_after_epoch': 1, 'reinit_cardinality_threshold': 0, 'emb_skip_threshold': 1000000, 'seq_id_threshold': 10000, 'ns_groups_json': '', 'ns_tokenizer_type': 'rankmixer', 'user_ns_tokens': 5, 'item_ns_tokens': 2, 'tf_events_dir': '/Users/aolai/codes/race/tx-ad-2026/tf_events'}
05/06/26 19:23:08 - 0:00:00 - Seq max_lens override: {'seq_a': 256, 'seq_b': 256, 'seq_c': 512, 'seq_d': 512}
05/06/26 19:23:08 - 0:00:00 - Using Parquet data format (IterableDataset)
05/06/26 19:23:08 - 0:00:00 - Row Group split: 1 train (500 rows), 1 valid (500 rows)
05/06/26 19:23:08 - 0:00:00 - PCVRParquetDataset: 500 rows from 1 file(s), batch_size=64, buffer_batches=20, shuffle=True
05/06/26 19:23:08 - 0:00:00 - PCVRParquetDataset: 500 rows from 1 file(s), batch_size=64, buffer_batches=0, shuffle=False
05/06/26 19:23:08 - 0:00:00 - Parquet train: 500 rows, valid: 500 rows, batch_size=64, buffer_batches=20
05/06/26 19:23:08 - 0:00:00 - No NS groups JSON found, using default: each feature as one group
05/06/26 19:23:08 - 0:00:00 - FeatureAsItemTokenizer: 30 scalar feat tokens, feat_vocab_size=1156, num_buckets=32, max_feat_tokens=30
05/06/26 19:23:08 - 0:00:00 - FeatureAsItemTokenizer: 13 scalar feat tokens, feat_vocab_size=430, num_buckets=32, max_feat_tokens=30
05/06/26 19:23:09 - 0:00:00 -   seq_emb[seq_a]: slot=0, vocab_size=1201294
05/06/26 19:23:09 - 0:00:00 -   seq_emb[seq_b]: slot=1, vocab_size=29
05/06/26 19:23:09 - 0:00:00 -   seq_emb[seq_c]: slot=1, vocab_size=76
05/06/26 19:23:09 - 0:00:00 -   seq_emb[seq_d]: slot=0, vocab_size=6
05/06/26 19:23:09 - 0:00:00 - UnifiedSeqModel: num_feat_tokens=43, num_buckets=32, max_feat_tokens=30, feat_pos_mode=learnable, max_seq_vocab=2000000, total_params=19,368,689
05/06/26 19:23:09 - 0:00:00 - UnifiedSeqModel created: num_feat_tokens=43, num_buckets=32, max_feat_tokens=30, feat_pos_mode=learnable, max_seq_vocab=2000000, d_model=64, total_params=19,368,689
05/06/26 19:23:09 - 0:00:00 - Sparse params: 8 tensors, 19,254,704 parameters (Adagrad lr=0.05)
05/06/26 19:23:09 - 0:00:00 - Dense params: 48 tensors, 113,985 parameters (AdamW lr=0.0001)
05/06/26 19:23:09 - 0:00:01 - PCVRHyFormerRankingTrainer loss_type=bce, focal_alpha=0.1, focal_gamma=2.0, reinit_sparse_after_epoch=1
05/06/26 19:24:52 - 0:01:44 - Epoch 1, Average Loss: 0.5728566870093346
05/06/26 19:24:59 - 0:01:51 - Epoch 1 Validation | AUC: 0.5110781713215791, LogLoss: 0.4334157705307007
05/06/26 19:24:59 - 0:01:51 - Removed old best_model dir: /Users/aolai/codes/race/tx-ad-2026/checkpoints/global_step8.layer=2.head=4.hidden=64.best_model
05/06/26 19:24:59 - 0:01:51 - Saved checkpoint to /Users/aolai/codes/race/tx-ad-2026/checkpoints/global_step8.layer=2.head=4.hidden=64.best_model/model.pt
05/06/26 19:24:59 - 0:01:51 - Re-initialized 0 high-cardinality Embeddings (vocab>0), kept 7
05/06/26 19:24:59 - 0:01:51 - Rebuilt Adagrad optimizer after epoch 1, restored optimizer state for 0 low-cardinality params
05/06/26 19:26:32 - 0:03:24 - Epoch 2, Average Loss: 0.4164317138493061
05/06/26 19:26:38 - 0:03:30 - Epoch 2 Validation | AUC: 0.5406069589639569, LogLoss: 0.3697861135005951
05/06/26 19:26:38 - 0:03:30 - Removed old best_model dir: /Users/aolai/codes/race/tx-ad-2026/checkpoints/global_step8.layer=2.head=4.hidden=64.best_model
05/06/26 19:26:38 - 0:03:30 - model earlyStopping counter reset!
05/06/26 19:26:38 - 0:03:30 - Saved checkpoint to /Users/aolai/codes/race/tx-ad-2026/checkpoints/global_step16.layer=2.head=4.hidden=64.best_model/model.pt
05/06/26 19:26:38 - 0:03:30 - Re-initialized 0 high-cardinality Embeddings (vocab>0), kept 7
05/06/26 19:26:38 - 0:03:30 - Rebuilt Adagrad optimizer after epoch 2, restored optimizer state for 0 low-cardinality params
05/06/26 19:28:06 - 0:04:58 - Epoch 3, Average Loss: 0.38799961283802986
05/06/26 19:28:12 - 0:05:04 - Epoch 3 Validation | AUC: 0.5317522234357934, LogLoss: 0.36031419038772583
05/06/26 19:28:12 - 0:05:04 - model earlyStopping counter: 1 / 3
05/06/26 19:28:12 - 0:05:04 - Re-initialized 0 high-cardinality Embeddings (vocab>0), kept 7
05/06/26 19:28:12 - 0:05:04 - Rebuilt Adagrad optimizer after epoch 3, restored optimizer state for 0 low-cardinality params
05/06/26 19:29:40 - 0:06:32 - Epoch 4, Average Loss: 0.3867376744747162
05/06/26 19:29:46 - 0:06:38 - Epoch 4 Validation | AUC: 0.532844437509752, LogLoss: 0.35917970538139343
05/06/26 19:29:46 - 0:06:38 - model earlyStopping counter: 2 / 3
05/06/26 19:29:46 - 0:06:38 - Re-initialized 0 high-cardinality Embeddings (vocab>0), kept 7
05/06/26 19:29:46 - 0:06:38 - Rebuilt Adagrad optimizer after epoch 4, restored optimizer state for 0 low-cardinality params
05/06/26 19:31:14 - 0:08:06 - Epoch 5, Average Loss: 0.38161137886345387
05/06/26 19:31:20 - 0:08:12 - Epoch 5 Validation | AUC: 0.5358870338586362, LogLoss: 0.3594476282596588
05/06/26 19:31:20 - 0:08:12 - model earlyStopping counter: 3 / 3
05/06/26 19:31:20 - 0:08:12 - Early stopping at epoch 5
05/06/26 19:31:20 - 0:08:12 - Training complete!
